[debug] [2026-05-02T18:04:05.045Z] ----------------------------------------------------------------------
[debug] [2026-05-02T18:04:05.051Z] Command:       C:\Program Files\nodejs\node.exe C:\Users\LENOVO\AppData\Roaming\npm\node_modules\firebase-tools\lib\bin\firebase.js deploy --only hosting
[debug] [2026-05-02T18:04:05.052Z] CLI Version:   15.15.0
[debug] [2026-05-02T18:04:05.052Z] Platform:      win32
[debug] [2026-05-02T18:04:05.053Z] Node Version:  v24.15.0
[debug] [2026-05-02T18:04:05.053Z] Time:          Sat May 02 2026 19:04:05 GMT+0100 (UTC+01:00)
[debug] [2026-05-02T18:04:05.053Z] ----------------------------------------------------------------------
[debug] 
[debug] [2026-05-02T18:04:05.058Z] >>> [apiv2][query] GET https://firebase-public.firebaseio.com/cli.json [none]
[debug] [2026-05-02T18:04:18.377Z] > command requires scopes: ["email","openid","https://www.googleapis.com/auth/cloudplatformprojects.readonly","https://www.googleapis.com/auth/firebase","https://www.googleapis.com/auth/cloud-platform"]
[debug] [2026-05-02T18:04:18.378Z] > authorizing via signed-in user (oulkhmse.mohamed@gmail.com)
[debug] [2026-05-02T18:04:18.378Z] [iam] checking project azura45-pointage for permissions ["firebase.projects.get","firebasehosting.sites.update"]
[debug] [2026-05-02T18:04:18.379Z] Checked if tokens are valid: false, expires at: 1777510529348
[debug] [2026-05-02T18:04:18.379Z] Checked if tokens are valid: false, expires at: 1777510529348
[debug] [2026-05-02T18:04:18.379Z] > refreshing access token with scopes: []
[debug] [2026-05-02T18:04:18.381Z] >>> [apiv2][query] POST https://www.googleapis.com/oauth2/v3/token [none]
[debug] [2026-05-02T18:04:18.381Z] >>> [apiv2][body] POST https://www.googleapis.com/oauth2/v3/token [omitted]
[debug] [2026-05-02T18:04:29.614Z] *** [apiv2] error from fetch(https://firebase-public.firebaseio.com/cli.json, {"headers":{},"method":"GET"}): FetchError: request to https://firebase-public.firebaseio.com/cli.json failed, reason: read ECONNRESET
[warn] !  Unable to fetch the CLI MOTD and remote config. This is not a fatal error, but may indicate an issue with your network connection. 
[debug] [2026-05-02T18:04:29.616Z] Failed to fetch MOTD FirebaseError: Failed to make request to https://firebase-public.firebaseio.com/cli.json
[debug] [2026-05-02T18:04:29.838Z] *** [apiv2] error from fetch(https://www.googleapis.com/oauth2/v3/token, {"headers":{},"method":"POST","body":{"_overheadLength":545,"_valueLength":212,"_valuesToMeasure":[],"writable":false,"readable":true,"dataSize":0,"maxDataSize":2097152,"pauseStreams":true,"_released":true,"_streams":[],"_currentStream":null,"_insideLoop":false,"_pendingNext":false,"_boundary":"--------------------------4b2149964f231d082c755c5d","_events":{},"_eventsCount":1}}): FetchError: request to https://www.googleapis.com/oauth2/v3/token failed, reason: read ECONNRESET
[error] Authentication Error: Your credentials are no longer valid. Please run firebase login --reauth

For CI servers and headless environments, generate a new token with firebase login:ci
[debug] [2026-05-02T18:04:29.839Z] [iam] error while checking permissions, command may fail: Authentication Error: Your credentials are no longer valid. Please run firebase login --reauth

For CI servers and headless environments, generate a new token with firebase login:ci
[debug] [2026-05-02T18:04:29.840Z] Checked if tokens are valid: false, expires at: 1777510529348
[debug] [2026-05-02T18:04:29.840Z] Checked if tokens are valid: false, expires at: 1777510529348
[debug] [2026-05-02T18:04:29.840Z] > refreshing access token with scopes: []
[debug] [2026-05-02T18:04:29.841Z] >>> [apiv2][query] POST https://www.googleapis.com/oauth2/v3/token [none]
[debug] [2026-05-02T18:04:29.841Z] >>> [apiv2][body] POST https://www.googleapis.com/oauth2/v3/token [omitted]
[debug] [2026-05-02T18:04:41.012Z] *** [apiv2] error from fetch(https://www.googleapis.com/oauth2/v3/token, {"headers":{},"method":"POST","body":{"_overheadLength":545,"_valueLength":212,"_valuesToMeasure":[],"writable":false,"readable":true,"dataSize":0,"maxDataSize":2097152,"pauseStreams":true,"_released":true,"_streams":[],"_currentStream":null,"_insideLoop":false,"_pendingNext":false,"_boundary":"--------------------------07e9ec5eca3e0ef4e64f9dfd","_events":{},"_eventsCount":1}}): FetchError: request to https://www.googleapis.com/oauth2/v3/token failed, reason: read ECONNRESET
[error] Authentication Error: Your credentials are no longer valid. Please run firebase login --reauth

For CI servers and headless environments, generate a new token with firebase login:ci
[debug] [2026-05-02T18:04:41.014Z] Authentication Error: Your credentials are no longer valid. Please run firebase login --reauth

For CI servers and headless environments, generate a new token with firebase login:ci
[error] 
[error] Error: Assertion failed: resolving hosting target of a site with no site name or target name. This should have caused an error earlier
